{"C:\\Users\\USER\\Desktop\\REACT\\week-6-test-debug-assignment-DukeMochama2022\\server\\src\\app.js": {"path":"C:\\Users\\USER\\Desktop\\REACT\\week-6-test-debug-assignment-DukeMochama2022\\server\\src\\app.js","statementMap":{"0":{"start":{"line":1,"column":16},"end":{"line":1,"column":34}},"1":{"start":{"line":2,"column":13},"end":{"line":2,"column":28}},"2":{"start":{"line":3,"column":15},"end":{"line":3,"column":32}},"3":{"start":{"line":4,"column":15},"end":{"line":4,"column":32}},"4":{"start":{"line":6,"column":12},"end":{"line":6,"column":21}},"5":{"start":{"line":9,"column":0},"end":{"line":9,"column":24}},"6":{"start":{"line":10,"column":0},"end":{"line":10,"column":16}},"7":{"start":{"line":11,"column":0},"end":{"line":11,"column":18}},"8":{"start":{"line":12,"column":0},"end":{"line":12,"column":23}},"9":{"start":{"line":15,"column":0},"end":{"line":17,"column":3}},"10":{"start":{"line":16,"column":2},"end":{"line":16,"column":29}},"11":{"start":{"line":20,"column":20},"end":{"line":20,"column":45}},"12":{"start":{"line":21,"column":0},"end":{"line":21,"column":35}},"13":{"start":{"line":22,"column":20},"end":{"line":22,"column":45}},"14":{"start":{"line":23,"column":0},"end":{"line":23,"column":35}},"15":{"start":{"line":25,"column":0},"end":{"line":25,"column":21}}},"fnMap":{"0":{"name":"(anonymous_0)","decl":{"start":{"line":15,"column":23},"end":{"line":15,"column":24}},"loc":{"start":{"line":15,"column":37},"end":{"line":17,"column":1}},"line":15}},"branchMap":{},"s":{"0":2,"1":2,"2":2,"3":2,"4":2,"5":2,"6":2,"7":2,"8":2,"9":2,"10":0,"11":2,"12":2,"13":2,"14":2,"15":2},"f":{"0":0},"b":{},"_coverageSchema":"1a1c01bbd47fc00a2c39e90264f33305004495a9","hash":"63a74c59840007601cb181c186e5bf651f084aa3"}
,"C:\\Users\\USER\\Desktop\\REACT\\week-6-test-debug-assignment-DukeMochama2022\\server\\src\\utils.js": {"path":"C:\\Users\\USER\\Desktop\\REACT\\week-6-test-debug-assignment-DukeMochama2022\\server\\src\\utils.js","statementMap":{"0":{"start":{"line":3,"column":2},"end":{"line":3,"column":62}},"1":{"start":{"line":3,"column":51},"end":{"line":3,"column":62}},"2":{"start":{"line":4,"column":2},"end":{"line":4,"column":52}},"3":{"start":{"line":7,"column":0},"end":{"line":7,"column":43}}},"fnMap":{"0":{"name":"capitalizeFirstLetter","decl":{"start":{"line":2,"column":9},"end":{"line":2,"column":30}},"loc":{"start":{"line":2,"column":36},"end":{"line":5,"column":1}},"line":2}},"branchMap":{"0":{"loc":{"start":{"line":3,"column":2},"end":{"line":3,"column":62}},"type":"if","locations":[{"start":{"line":3,"column":2},"end":{"line":3,"column":62}},{"start":{},"end":{}}],"line":3},"1":{"loc":{"start":{"line":3,"column":6},"end":{"line":3,"column":49}},"type":"binary-expr","locations":[{"start":{"line":3,"column":6},"end":{"line":3,"column":29}},{"start":{"line":3,"column":33},"end":{"line":3,"column":49}}],"line":3}},"s":{"0":6,"1":4,"2":2,"3":1},"f":{"0":6},"b":{"0":[4,2],"1":[6,3]},"_coverageSchema":"1a1c01bbd47fc00a2c39e90264f33305004495a9","hash":"cd0afce44bd2c0a367734de6569f083870d57b90"}
,"C:\\Users\\USER\\Desktop\\REACT\\week-6-test-debug-assignment-DukeMochama2022\\server\\src\\middleware\\requestLogger.js": {"path":"C:\\Users\\USER\\Desktop\\REACT\\week-6-test-debug-assignment-DukeMochama2022\\server\\src\\middleware\\requestLogger.js","statementMap":{"0":{"start":{"line":3,"column":2},"end":{"line":3,"column":43}},"1":{"start":{"line":4,"column":2},"end":{"line":4,"column":9}},"2":{"start":{"line":7,"column":0},"end":{"line":7,"column":31}}},"fnMap":{"0":{"name":"requestLogger","decl":{"start":{"line":1,"column":9},"end":{"line":1,"column":22}},"loc":{"start":{"line":1,"column":39},"end":{"line":5,"column":1}},"line":1}},"branchMap":{},"s":{"0":1,"1":1,"2":1},"f":{"0":1},"b":{},"_coverageSchema":"1a1c01bbd47fc00a2c39e90264f33305004495a9","hash":"7e7d5a4d3981b3950e2459b3c86c914ca95c24db"}
,"C:\\Users\\USER\\Desktop\\REACT\\week-6-test-debug-assignment-DukeMochama2022\\server\\src\\models\\Post.js": {"path":"C:\\Users\\USER\\Desktop\\REACT\\week-6-test-debug-assignment-DukeMochama2022\\server\\src\\models\\Post.js","statementMap":{"0":{"start":{"line":1,"column":17},"end":{"line":1,"column":36}},"1":{"start":{"line":3,"column":19},"end":{"line":16,"column":1}},"2":{"start":{"line":18,"column":0},"end":{"line":18,"column":52}}},"fnMap":{},"branchMap":{},"s":{"0":2,"1":2,"2":2},"f":{},"b":{},"_coverageSchema":"1a1c01bbd47fc00a2c39e90264f33305004495a9","hash":"774f750c516b4837388c87374a216040df26d58a"}
,"C:\\Users\\USER\\Desktop\\REACT\\week-6-test-debug-assignment-DukeMochama2022\\server\\src\\models\\User.js": {"path":"C:\\Users\\USER\\Desktop\\REACT\\week-6-test-debug-assignment-DukeMochama2022\\server\\src\\models\\User.js","statementMap":{"0":{"start":{"line":1,"column":17},"end":{"line":1,"column":36}},"1":{"start":{"line":3,"column":19},"end":{"line":7,"column":2}},"2":{"start":{"line":9,"column":0},"end":{"line":9,"column":52}}},"fnMap":{},"branchMap":{},"s":{"0":2,"1":2,"2":2},"f":{},"b":{},"_coverageSchema":"1a1c01bbd47fc00a2c39e90264f33305004495a9","hash":"d1e0e6cce88af4d41261f2eb395647087acbe566"}
,"C:\\Users\\USER\\Desktop\\REACT\\week-6-test-debug-assignment-DukeMochama2022\\server\\src\\routes\\posts.js": {"path":"C:\\Users\\USER\\Desktop\\REACT\\week-6-test-debug-assignment-DukeMochama2022\\server\\src\\routes\\posts.js","statementMap":{"0":{"start":{"line":1,"column":16},"end":{"line":1,"column":34}},"1":{"start":{"line":2,"column":13},"end":{"line":2,"column":38}},"2":{"start":{"line":3,"column":13},"end":{"line":3,"column":38}},"3":{"start":{"line":5,"column":15},"end":{"line":5,"column":31}},"4":{"start":{"line":10,"column":2},"end":{"line":14,"column":3}},"5":{"start":{"line":12,"column":4},"end":{"line":12,"column":64}},"6":{"start":{"line":13,"column":4},"end":{"line":13,"column":18}},"7":{"start":{"line":15,"column":2},"end":{"line":15,"column":57}},"8":{"start":{"line":19,"column":0},"end":{"line":36,"column":3}},"9":{"start":{"line":20,"column":39},"end":{"line":20,"column":47}},"10":{"start":{"line":21,"column":2},"end":{"line":23,"column":3}},"11":{"start":{"line":22,"column":4},"end":{"line":22,"column":70}},"12":{"start":{"line":24,"column":2},"end":{"line":35,"column":3}},"13":{"start":{"line":25,"column":17},"end":{"line":31,"column":6}},"14":{"start":{"line":32,"column":4},"end":{"line":32,"column":31}},"15":{"start":{"line":34,"column":4},"end":{"line":34,"column":52}},"16":{"start":{"line":39,"column":0},"end":{"line":50,"column":3}},"17":{"start":{"line":40,"column":45},"end":{"line":40,"column":54}},"18":{"start":{"line":41,"column":17},"end":{"line":41,"column":45}},"19":{"start":{"line":42,"column":2},"end":{"line":49,"column":3}},"20":{"start":{"line":43,"column":18},"end":{"line":45,"column":27}},"21":{"start":{"line":46,"column":4},"end":{"line":46,"column":20}},"22":{"start":{"line":48,"column":4},"end":{"line":48,"column":52}},"23":{"start":{"line":53,"column":0},"end":{"line":61,"column":3}},"24":{"start":{"line":54,"column":2},"end":{"line":60,"column":3}},"25":{"start":{"line":55,"column":17},"end":{"line":55,"column":51}},"26":{"start":{"line":56,"column":4},"end":{"line":56,"column":44}},"27":{"start":{"line":56,"column":15},"end":{"line":56,"column":44}},"28":{"start":{"line":57,"column":4},"end":{"line":57,"column":19}},"29":{"start":{"line":59,"column":4},"end":{"line":59,"column":26}},"30":{"start":{"line":64,"column":0},"end":{"line":75,"column":3}},"31":{"start":{"line":65,"column":2},"end":{"line":74,"column":3}},"32":{"start":{"line":66,"column":17},"end":{"line":66,"column":51}},"33":{"start":{"line":67,"column":4},"end":{"line":67,"column":44}},"34":{"start":{"line":67,"column":15},"end":{"line":67,"column":44}},"35":{"start":{"line":68,"column":4},"end":{"line":68,"column":78}},"36":{"start":{"line":68,"column":49},"end":{"line":68,"column":78}},"37":{"start":{"line":69,"column":4},"end":{"line":69,"column":34}},"38":{"start":{"line":70,"column":4},"end":{"line":70,"column":22}},"39":{"start":{"line":71,"column":4},"end":{"line":71,"column":19}},"40":{"start":{"line":73,"column":4},"end":{"line":73,"column":52}},"41":{"start":{"line":78,"column":0},"end":{"line":88,"column":3}},"42":{"start":{"line":79,"column":2},"end":{"line":87,"column":3}},"43":{"start":{"line":80,"column":17},"end":{"line":80,"column":51}},"44":{"start":{"line":81,"column":4},"end":{"line":81,"column":44}},"45":{"start":{"line":81,"column":15},"end":{"line":81,"column":44}},"46":{"start":{"line":82,"column":4},"end":{"line":82,"column":78}},"47":{"start":{"line":82,"column":49},"end":{"line":82,"column":78}},"48":{"start":{"line":83,"column":4},"end":{"line":83,"column":27}},"49":{"start":{"line":84,"column":4},"end":{"line":84,"column":26}},"50":{"start":{"line":86,"column":4},"end":{"line":86,"column":52}},"51":{"start":{"line":90,"column":0},"end":{"line":90,"column":24}}},"fnMap":{"0":{"name":"auth","decl":{"start":{"line":8,"column":9},"end":{"line":8,"column":13}},"loc":{"start":{"line":8,"column":30},"end":{"line":16,"column":1}},"line":8},"1":{"name":"(anonymous_1)","decl":{"start":{"line":19,"column":23},"end":{"line":19,"column":24}},"loc":{"start":{"line":19,"column":43},"end":{"line":36,"column":1}},"line":19},"2":{"name":"(anonymous_2)","decl":{"start":{"line":39,"column":16},"end":{"line":39,"column":17}},"loc":{"start":{"line":39,"column":36},"end":{"line":50,"column":1}},"line":39},"3":{"name":"(anonymous_3)","decl":{"start":{"line":53,"column":19},"end":{"line":53,"column":20}},"loc":{"start":{"line":53,"column":39},"end":{"line":61,"column":1}},"line":53},"4":{"name":"(anonymous_4)","decl":{"start":{"line":64,"column":25},"end":{"line":64,"column":26}},"loc":{"start":{"line":64,"column":45},"end":{"line":75,"column":1}},"line":64},"5":{"name":"(anonymous_5)","decl":{"start":{"line":78,"column":28},"end":{"line":78,"column":29}},"loc":{"start":{"line":78,"column":48},"end":{"line":88,"column":1}},"line":78}},"branchMap":{"0":{"loc":{"start":{"line":10,"column":2},"end":{"line":14,"column":3}},"type":"if","locations":[{"start":{"line":10,"column":2},"end":{"line":14,"column":3}},{"start":{},"end":{}}],"line":10},"1":{"loc":{"start":{"line":21,"column":2},"end":{"line":23,"column":3}},"type":"if","locations":[{"start":{"line":21,"column":2},"end":{"line":23,"column":3}},{"start":{},"end":{}}],"line":21},"2":{"loc":{"start":{"line":21,"column":6},"end":{"line":21,"column":37}},"type":"binary-expr","locations":[{"start":{"line":21,"column":6},"end":{"line":21,"column":12}},{"start":{"line":21,"column":16},"end":{"line":21,"column":24}},{"start":{"line":21,"column":28},"end":{"line":21,"column":37}}],"line":21},"3":{"loc":{"start":{"line":40,"column":20},"end":{"line":40,"column":28}},"type":"default-arg","locations":[{"start":{"line":40,"column":27},"end":{"line":40,"column":28}}],"line":40},"4":{"loc":{"start":{"line":40,"column":30},"end":{"line":40,"column":40}},"type":"default-arg","locations":[{"start":{"line":40,"column":38},"end":{"line":40,"column":40}}],"line":40},"5":{"loc":{"start":{"line":41,"column":17},"end":{"line":41,"column":45}},"type":"cond-expr","locations":[{"start":{"line":41,"column":28},"end":{"line":41,"column":40}},{"start":{"line":41,"column":43},"end":{"line":41,"column":45}}],"line":41},"6":{"loc":{"start":{"line":56,"column":4},"end":{"line":56,"column":44}},"type":"if","locations":[{"start":{"line":56,"column":4},"end":{"line":56,"column":44}},{"start":{},"end":{}}],"line":56},"7":{"loc":{"start":{"line":67,"column":4},"end":{"line":67,"column":44}},"type":"if","locations":[{"start":{"line":67,"column":4},"end":{"line":67,"column":44}},{"start":{},"end":{}}],"line":67},"8":{"loc":{"start":{"line":68,"column":4},"end":{"line":68,"column":78}},"type":"if","locations":[{"start":{"line":68,"column":4},"end":{"line":68,"column":78}},{"start":{},"end":{}}],"line":68},"9":{"loc":{"start":{"line":81,"column":4},"end":{"line":81,"column":44}},"type":"if","locations":[{"start":{"line":81,"column":4},"end":{"line":81,"column":44}},{"start":{},"end":{}}],"line":81},"10":{"loc":{"start":{"line":82,"column":4},"end":{"line":82,"column":78}},"type":"if","locations":[{"start":{"line":82,"column":4},"end":{"line":82,"column":78}},{"start":{},"end":{}}],"line":82}},"s":{"0":2,"1":2,"2":2,"3":2,"4":8,"5":5,"6":5,"7":3,"8":2,"9":2,"10":2,"11":1,"12":1,"13":1,"14":1,"15":0,"16":2,"17":4,"18":4,"19":4,"20":4,"21":4,"22":0,"23":2,"24":2,"25":2,"26":2,"27":1,"28":1,"29":0,"30":2,"31":2,"32":2,"33":2,"34":0,"35":2,"36":1,"37":1,"38":1,"39":1,"40":0,"41":2,"42":1,"43":1,"44":1,"45":0,"46":1,"47":0,"48":1,"49":1,"50":0,"51":2},"f":{"0":8,"1":2,"2":4,"3":2,"4":2,"5":1},"b":{"0":[5,3],"1":[1,1],"2":[2,1,1],"3":[2],"4":[2],"5":[1,3],"6":[1,1],"7":[0,2],"8":[1,1],"9":[0,1],"10":[0,1]},"_coverageSchema":"1a1c01bbd47fc00a2c39e90264f33305004495a9","hash":"58dc89593789fe076077a46f4e66256079fea6e3"}
,"C:\\Users\\USER\\Desktop\\REACT\\week-6-test-debug-assignment-DukeMochama2022\\server\\src\\routes\\users.js": {"path":"C:\\Users\\USER\\Desktop\\REACT\\week-6-test-debug-assignment-DukeMochama2022\\server\\src\\routes\\users.js","statementMap":{"0":{"start":{"line":1,"column":16},"end":{"line":1,"column":34}},"1":{"start":{"line":2,"column":13},"end":{"line":2,"column":38}},"2":{"start":{"line":4,"column":15},"end":{"line":4,"column":31}},"3":{"start":{"line":7,"column":0},"end":{"line":24,"column":3}},"4":{"start":{"line":8,"column":40},"end":{"line":8,"column":48}},"5":{"start":{"line":9,"column":2},"end":{"line":11,"column":3}},"6":{"start":{"line":10,"column":4},"end":{"line":10,"column":70}},"7":{"start":{"line":12,"column":2},"end":{"line":23,"column":3}},"8":{"start":{"line":13,"column":21},"end":{"line":13,"column":75}},"9":{"start":{"line":14,"column":4},"end":{"line":16,"column":5}},"10":{"start":{"line":15,"column":6},"end":{"line":15,"column":68}},"11":{"start":{"line":17,"column":17},"end":{"line":17,"column":65}},"12":{"start":{"line":18,"column":4},"end":{"line":20,"column":75}},"13":{"start":{"line":22,"column":4},"end":{"line":22,"column":52}},"14":{"start":{"line":27,"column":0},"end":{"line":47,"column":3}},"15":{"start":{"line":28,"column":40},"end":{"line":28,"column":48}},"16":{"start":{"line":29,"column":2},"end":{"line":33,"column":3}},"17":{"start":{"line":30,"column":4},"end":{"line":32,"column":67}},"18":{"start":{"line":34,"column":2},"end":{"line":46,"column":3}},"19":{"start":{"line":35,"column":17},"end":{"line":35,"column":72}},"20":{"start":{"line":36,"column":4},"end":{"line":38,"column":5}},"21":{"start":{"line":37,"column":6},"end":{"line":37,"column":68}},"22":{"start":{"line":40,"column":4},"end":{"line":43,"column":7}},"23":{"start":{"line":45,"column":4},"end":{"line":45,"column":52}},"24":{"start":{"line":49,"column":0},"end":{"line":49,"column":24}}},"fnMap":{"0":{"name":"(anonymous_0)","decl":{"start":{"line":7,"column":25},"end":{"line":7,"column":26}},"loc":{"start":{"line":7,"column":45},"end":{"line":24,"column":1}},"line":7},"1":{"name":"(anonymous_1)","decl":{"start":{"line":27,"column":22},"end":{"line":27,"column":23}},"loc":{"start":{"line":27,"column":42},"end":{"line":47,"column":1}},"line":27}},"branchMap":{"0":{"loc":{"start":{"line":9,"column":2},"end":{"line":11,"column":3}},"type":"if","locations":[{"start":{"line":9,"column":2},"end":{"line":11,"column":3}},{"start":{},"end":{}}],"line":9},"1":{"loc":{"start":{"line":9,"column":6},"end":{"line":9,"column":38}},"type":"binary-expr","locations":[{"start":{"line":9,"column":6},"end":{"line":9,"column":15}},{"start":{"line":9,"column":19},"end":{"line":9,"column":25}},{"start":{"line":9,"column":29},"end":{"line":9,"column":38}}],"line":9},"2":{"loc":{"start":{"line":14,"column":4},"end":{"line":16,"column":5}},"type":"if","locations":[{"start":{"line":14,"column":4},"end":{"line":16,"column":5}},{"start":{},"end":{}}],"line":14},"3":{"loc":{"start":{"line":29,"column":2},"end":{"line":33,"column":3}},"type":"if","locations":[{"start":{"line":29,"column":2},"end":{"line":33,"column":3}},{"start":{},"end":{}}],"line":29},"4":{"loc":{"start":{"line":29,"column":6},"end":{"line":29,"column":40}},"type":"binary-expr","locations":[{"start":{"line":29,"column":7},"end":{"line":29,"column":16}},{"start":{"line":29,"column":20},"end":{"line":29,"column":26}},{"start":{"line":29,"column":31},"end":{"line":29,"column":40}}],"line":29},"5":{"loc":{"start":{"line":35,"column":36},"end":{"line":35,"column":71}},"type":"cond-expr","locations":[{"start":{"line":35,"column":47},"end":{"line":35,"column":59}},{"start":{"line":35,"column":62},"end":{"line":35,"column":71}}],"line":35},"6":{"loc":{"start":{"line":36,"column":4},"end":{"line":38,"column":5}},"type":"if","locations":[{"start":{"line":36,"column":4},"end":{"line":38,"column":5}},{"start":{},"end":{}}],"line":36},"7":{"loc":{"start":{"line":36,"column":8},"end":{"line":36,"column":43}},"type":"binary-expr","locations":[{"start":{"line":36,"column":8},"end":{"line":36,"column":13}},{"start":{"line":36,"column":17},"end":{"line":36,"column":43}}],"line":36}},"s":{"0":2,"1":2,"2":2,"3":2,"4":3,"5":3,"6":1,"7":2,"8":2,"9":2,"10":1,"11":1,"12":1,"13":0,"14":2,"15":4,"16":4,"17":1,"18":3,"19":3,"20":3,"21":1,"22":2,"23":0,"24":2},"f":{"0":3,"1":4},"b":{"0":[1,2],"1":[3,3,2],"2":[1,1],"3":[1,3],"4":[4,1,4],"5":[2,1],"6":[1,2],"7":[3,3]},"_coverageSchema":"1a1c01bbd47fc00a2c39e90264f33305004495a9","hash":"dd0ae58af2b655de4b6430a8182cb411bfdc4995"}
,"C:\\Users\\USER\\Desktop\\REACT\\week-6-test-debug-assignment-DukeMochama2022\\server\\src\\utils\\auth.js": {"path":"C:\\Users\\USER\\Desktop\\REACT\\week-6-test-debug-assignment-DukeMochama2022\\server\\src\\utils\\auth.js","statementMap":{"0":{"start":{"line":3,"column":2},"end":{"line":3,"column":29}},"1":{"start":{"line":6,"column":0},"end":{"line":6,"column":35}}},"fnMap":{"0":{"name":"generateToken","decl":{"start":{"line":1,"column":9},"end":{"line":1,"column":22}},"loc":{"start":{"line":1,"column":29},"end":{"line":4,"column":1}},"line":1}},"branchMap":{},"s":{"0":2,"1":1},"f":{"0":2},"b":{},"_coverageSchema":"1a1c01bbd47fc00a2c39e90264f33305004495a9","hash":"8d9e004a21a5da69967fde1739463cc9eb6d2bda"}
}
