TN:
SF:src\app.js
FN:15,(anonymous_0)
FNF:1
FNH:0
FNDA:0,(anonymous_0)
DA:1,2
DA:2,2
DA:3,2
DA:4,2
DA:6,2
DA:9,2
DA:10,2
DA:11,2
DA:12,2
DA:15,2
DA:16,0
DA:20,2
DA:21,2
DA:22,2
DA:23,2
DA:25,2
LF:16
LH:15
BRF:0
BRH:0
end_of_record
TN:
SF:src\utils.js
FN:2,capitalizeFirstLetter
FNF:1
FNH:1
FNDA:6,capitalizeFirstLetter
DA:3,6
DA:4,2
DA:7,1
LF:3
LH:3
BRDA:3,0,0,4
BRDA:3,0,1,2
BRDA:3,1,0,6
BRDA:3,1,1,3
BRF:4
BRH:4
end_of_record
TN:
SF:src\middleware\requestLogger.js
FN:1,requestLogger
FNF:1
FNH:1
FNDA:1,requestLogger
DA:3,1
DA:4,1
DA:7,1
LF:3
LH:3
BRF:0
BRH:0
end_of_record
TN:
SF:src\models\Post.js
FNF:0
FNH:0
DA:1,2
DA:3,2
DA:18,2
LF:3
LH:3
BRF:0
BRH:0
end_of_record
TN:
SF:src\models\User.js
FNF:0
FNH:0
DA:1,2
DA:3,2
DA:9,2
LF:3
LH:3
BRF:0
BRH:0
end_of_record
TN:
SF:src\routes\posts.js
FN:8,auth
FN:19,(anonymous_1)
FN:39,(anonymous_2)
FN:53,(anonymous_3)
FN:64,(anonymous_4)
FN:78,(anonymous_5)
FNF:6
FNH:6
FNDA:8,auth
FNDA:2,(anonymous_1)
FNDA:4,(anonymous_2)
FNDA:2,(anonymous_3)
FNDA:2,(anonymous_4)
FNDA:1,(anonymous_5)
DA:1,2
DA:2,2
DA:3,2
DA:5,2
DA:10,8
DA:12,5
DA:13,5
DA:15,3
DA:19,2
DA:20,2
DA:21,2
DA:22,1
DA:24,1
DA:25,1
DA:32,1
DA:34,0
DA:39,2
DA:40,4
DA:41,4
DA:42,4
DA:43,4
DA:46,4
DA:48,0
DA:53,2
DA:54,2
DA:55,2
DA:56,2
DA:57,1
DA:59,0
DA:64,2
DA:65,2
DA:66,2
DA:67,2
DA:68,2
DA:69,1
DA:70,1
DA:71,1
DA:73,0
DA:78,2
DA:79,1
DA:80,1
DA:81,1
DA:82,1
DA:83,1
DA:84,1
DA:86,0
DA:90,2
LF:47
LH:42
BRDA:10,0,0,5
BRDA:10,0,1,3
BRDA:21,1,0,1
BRDA:21,1,1,1
BRDA:21,2,0,2
BRDA:21,2,1,1
BRDA:21,2,2,1
BRDA:40,3,0,2
BRDA:40,4,0,2
BRDA:41,5,0,1
BRDA:41,5,1,3
BRDA:56,6,0,1
BRDA:56,6,1,1
BRDA:67,7,0,0
BRDA:67,7,1,2
BRDA:68,8,0,1
BRDA:68,8,1,1
BRDA:81,9,0,0
BRDA:81,9,1,1
BRDA:82,10,0,0
BRDA:82,10,1,1
BRF:21
BRH:18
end_of_record
TN:
SF:src\routes\users.js
FN:7,(anonymous_0)
FN:27,(anonymous_1)
FNF:2
FNH:2
FNDA:3,(anonymous_0)
FNDA:4,(anonymous_1)
DA:1,2
DA:2,2
DA:4,2
DA:7,2
DA:8,3
DA:9,3
DA:10,1
DA:12,2
DA:13,2
DA:14,2
DA:15,1
DA:17,1
DA:18,1
DA:22,0
DA:27,2
DA:28,4
DA:29,4
DA:30,1
DA:34,3
DA:35,3
DA:36,3
DA:37,1
DA:40,2
DA:45,0
DA:49,2
LF:25
LH:23
BRDA:9,0,0,1
BRDA:9,0,1,2
BRDA:9,1,0,3
BRDA:9,1,1,3
BRDA:9,1,2,2
BRDA:14,2,0,1
BRDA:14,2,1,1
BRDA:29,3,0,1
BRDA:29,3,1,3
BRDA:29,4,0,4
BRDA:29,4,1,1
BRDA:29,4,2,4
BRDA:35,5,0,2
BRDA:35,5,1,1
BRDA:36,6,0,1
BRDA:36,6,1,2
BRDA:36,7,0,3
BRDA:36,7,1,3
BRF:18
BRH:18
end_of_record
TN:
SF:src\utils\auth.js
FN:1,generateToken
FNF:1
FNH:1
FNDA:2,generateToken
DA:3,2
DA:6,1
LF:2
LH:2
BRF:0
BRH:0
end_of_record
